<?xml version="1.0" encoding="UTF-8"?>
<!-- Generated by org.testng.reporters.JUnitReportReporter -->
<testsuite hostname="DESKTOP-C7RMN31" failures="0" tests="1" name="tasksTests.Task_Verification" time="3.979" errors="0" timestamp="2023-04-06T15:06:13 PDT" skipped="0">
  <testcase classname="tasksTests.Task_Verification" name="CreateTasks" time="3.979"/>
  <system-out/>
</testsuite> <!-- tasksTests.Task_Verification -->
